{"numFailedTestSuites":0,"numFailedTests":0,"numPassedTestSuites":42,"numPassedTests":165,"numPendingTestSuites":0,"numPendingTests":0,"numRuntimeErrorTestSuites":0,"numTodoTests":0,"numTotalTestSuites":42,"numTotalTests":165,"openHandles":[],"snapshot":{"added":0,"didUpdate":false,"failure":false,"filesAdded":0,"filesRemoved":0,"filesRemovedList":[],"filesUnmatched":0,"filesUpdated":0,"matched":0,"total":0,"unchecked":0,"uncheckedKeysByFile":[],"unmatched":0,"updated":0},"startTime":1596773173323,"success":true,"testResults":[{"assertionResults":[{"ancestorTitles":["TaxonomyFilter","for album section"],"failureMessages":[],"fullName":"TaxonomyFilter for album section should contain a button link to the album section index","location":null,"status":"passed","title":"should contain a button link to the album section index"},{"ancestorTitles":["TaxonomyFilter","for album section"],"failureMessages":[],"fullName":"TaxonomyFilter for album section should contain an album section index button that calls the \"navigate\" function inside of a \"requestAnimationFrame\" function","location":null,"status":"passed","title":"should contain an album section index button that calls the \"navigate\" function inside of a \"requestAnimationFrame\" function"},{"ancestorTitles":["TaxonomyFilter","for album section"],"failureMessages":[],"fullName":"TaxonomyFilter for album section should render taxonomies for album section","location":null,"status":"passed","title":"should render taxonomies for album section"},{"ancestorTitles":["TaxonomyFilter","for blog section"],"failureMessages":[],"fullName":"TaxonomyFilter for blog section should contain a button link to the blog section index","location":null,"status":"passed","title":"should contain a button link to the blog section index"},{"ancestorTitles":["TaxonomyFilter","for blog section"],"failureMessages":[],"fullName":"TaxonomyFilter for blog section should contain a blog section index button that call the \"navigate\" function inside of a \"requestAnimationFrame\" function","location":null,"status":"passed","title":"should contain a blog section index button that call the \"navigate\" function inside of a \"requestAnimationFrame\" function"},{"ancestorTitles":["TaxonomyFilter","for blog section"],"failureMessages":[],"fullName":"TaxonomyFilter for blog section should render taxonomies for blog section","location":null,"status":"passed","title":"should render taxonomies for blog section"}],"endTime":1596773176949,"message":"","name":"/Users/asmith/Repos/averygoodwebapp-earthbucket/test/components/molecules/taxonomy-filter/taxonomy-filter.test.jsx","startTime":1596773174744,"status":"passed","summary":""},{"assertionResults":[{"ancestorTitles":["Header"],"failureMessages":[],"fullName":"Header should exist","location":null,"status":"passed","title":"should exist"},{"ancestorTitles":["Header"],"failureMessages":[],"fullName":"Header should display site title","location":null,"status":"passed","title":"should display site title"},{"ancestorTitles":["Header"],"failureMessages":[],"fullName":"Header should display site description","location":null,"status":"passed","title":"should display site description"},{"ancestorTitles":["Header"],"failureMessages":[],"fullName":"Header should display section title","location":null,"status":"passed","title":"should display section title"},{"ancestorTitles":["Header","\"Your List\" Button"],"failureMessages":[],"fullName":"Header \"Your List\" Button should not display button","location":null,"status":"passed","title":"should not display button"},{"ancestorTitles":["Header","\"Your List\" Button"],"failureMessages":[],"fullName":"Header \"Your List\" Button should display button","location":null,"status":"passed","title":"should display button"},{"ancestorTitles":["Header","\"Your List\" Button"],"failureMessages":[],"fullName":"Header \"Your List\" Button should not display list length","location":null,"status":"passed","title":"should not display list length"},{"ancestorTitles":["Header","\"Your List\" Button"],"failureMessages":[],"fullName":"Header \"Your List\" Button should display list length","location":null,"status":"passed","title":"should display list length"},{"ancestorTitles":["Header","\"Your List\" Button"],"failureMessages":[],"fullName":"Header \"Your List\" Button should navigate to \"features/list\" page","location":null,"status":"passed","title":"should navigate to \"features/list\" page"}],"endTime":1596773176942,"message":"","name":"/Users/asmith/Repos/averygoodwebapp-earthbucket/test/components/organisms/header/header.test.jsx","startTime":1596773174718,"status":"passed","summary":""},{"assertionResults":[{"ancestorTitles":["Card"],"failureMessages":[],"fullName":"Card should be a link","location":null,"status":"passed","title":"should be a link"},{"ancestorTitles":["Card"],"failureMessages":[],"fullName":"Card should link to proper slugId","location":null,"status":"passed","title":"should link to proper slugId"},{"ancestorTitles":["Card"],"failureMessages":[],"fullName":"Card should display image","location":null,"status":"passed","title":"should display image"},{"ancestorTitles":["Card"],"failureMessages":[],"fullName":"Card should display categories","location":null,"status":"passed","title":"should display categories"},{"ancestorTitles":["Card"],"failureMessages":[],"fullName":"Card should link to category page","location":null,"status":"passed","title":"should link to category page"}],"endTime":1596773177017,"message":"","name":"/Users/asmith/Repos/averygoodwebapp-earthbucket/test/components/molecules/card/card.test.jsx","startTime":1596773174727,"status":"passed","summary":""},{"assertionResults":[{"ancestorTitles":["AlbumPostActivityMenu","Like Button"],"failureMessages":[],"fullName":"AlbumPostActivityMenu Like Button should exist","location":null,"status":"passed","title":"should exist"},{"ancestorTitles":["AlbumPostActivityMenu","Like Button"],"failureMessages":[],"fullName":"AlbumPostActivityMenu Like Button should fire \"like\" event","location":null,"status":"passed","title":"should fire \"like\" event"},{"ancestorTitles":["AlbumPostActivityMenu","Dislike Button"],"failureMessages":[],"fullName":"AlbumPostActivityMenu Dislike Button should exist","location":null,"status":"passed","title":"should exist"},{"ancestorTitles":["AlbumPostActivityMenu","Dislike Button"],"failureMessages":[],"fullName":"AlbumPostActivityMenu Dislike Button should fire \"dislike\" event","location":null,"status":"passed","title":"should fire \"dislike\" event"},{"ancestorTitles":["AlbumPostActivityMenu","Share Button"],"failureMessages":[],"fullName":"AlbumPostActivityMenu Share Button should invoke Share Menu","location":null,"status":"passed","title":"should invoke Share Menu"},{"ancestorTitles":["AlbumPostActivityMenu","More Info Button"],"failureMessages":[],"fullName":"AlbumPostActivityMenu More Info Button should invoke more info url","location":null,"status":"passed","title":"should invoke more info url"},{"ancestorTitles":["AlbumPostActivityMenu","addToList"],"failureMessages":[],"fullName":"AlbumPostActivityMenu addToList should add item id to LocalStorageList","location":null,"status":"passed","title":"should add item id to LocalStorageList"},{"ancestorTitles":["AlbumPostActivityMenu","removeFromList"],"failureMessages":[],"fullName":"AlbumPostActivityMenu removeFromList should remove item id from LocalStorageList","location":null,"status":"passed","title":"should remove item id from LocalStorageList"}],"endTime":1596773177269,"message":"","name":"/Users/asmith/Repos/averygoodwebapp-earthbucket/test/components/organisms/album-post-activity-menu/album-post-activity-menu.test.jsx","startTime":1596773174719,"status":"passed","summary":""},{"assertionResults":[{"ancestorTitles":["MainNav"],"failureMessages":[],"fullName":"MainNav should contain \"Features\" nav item","location":null,"status":"passed","title":"should contain \"Features\" nav item"},{"ancestorTitles":["MainNav"],"failureMessages":[],"fullName":"MainNav should contain \"Blog\" nav item","location":null,"status":"passed","title":"should contain \"Blog\" nav item"},{"ancestorTitles":["MainNav"],"failureMessages":[],"fullName":"MainNav should tab appropriate nav item","location":null,"status":"passed","title":"should tab appropriate nav item"}],"endTime":1596773177849,"message":"","name":"/Users/asmith/Repos/averygoodwebapp-earthbucket/test/components/molecules/main-nav/main-nav.test.jsx","startTime":1596773176984,"status":"passed","summary":""},{"assertionResults":[{"ancestorTitles":["AuthorSiteSettingsManager"],"failureMessages":[],"fullName":"AuthorSiteSettingsManager should exist","location":null,"status":"passed","title":"should exist"},{"ancestorTitles":["AuthorSiteSettingsManager"],"failureMessages":[],"fullName":"AuthorSiteSettingsManager should have \"Deploy Site Changes\" button","location":null,"status":"passed","title":"should have \"Deploy Site Changes\" button"},{"ancestorTitles":["AuthorSiteSettingsManager"],"failureMessages":[],"fullName":"AuthorSiteSettingsManager should send \"DELETE\" request to server to clear cloudfront cache","location":null,"status":"passed","title":"should send \"DELETE\" request to server to clear cloudfront cache"},{"ancestorTitles":["AuthorSiteSettingsManager"],"failureMessages":[],"fullName":"AuthorSiteSettingsManager should sign author out","location":null,"status":"passed","title":"should sign author out"}],"endTime":1596773177878,"message":"","name":"/Users/asmith/Repos/averygoodwebapp-earthbucket/test/components/organisms/author-site-settings-manager/author-site-settings-manager.test.jsx","startTime":1596773176973,"status":"passed","summary":""},{"assertionResults":[{"ancestorTitles":["AuthorAlbumPostManager"],"failureMessages":[],"fullName":"AuthorAlbumPostManager should exist","location":null,"status":"passed","title":"should exist"},{"ancestorTitles":["AuthorAlbumPostManager"],"failureMessages":[],"fullName":"AuthorAlbumPostManager should contain author album post menu","location":null,"status":"passed","title":"should contain author album post menu"},{"ancestorTitles":["AuthorAlbumPostManager"],"failureMessages":[],"fullName":"AuthorAlbumPostManager should contain a form tag","location":null,"status":"passed","title":"should contain a form tag"},{"ancestorTitles":["AuthorAlbumPostManager","\"CREATE\" Mode"],"failureMessages":[],"fullName":"AuthorAlbumPostManager \"CREATE\" Mode should contain appropriate form controls","location":null,"status":"passed","title":"should contain appropriate form controls"},{"ancestorTitles":["AuthorAlbumPostManager","\"CREATE\" Mode"],"failureMessages":[],"fullName":"AuthorAlbumPostManager \"CREATE\" Mode should invoke saveItemData call","location":null,"status":"passed","title":"should invoke saveItemData call"},{"ancestorTitles":["AuthorAlbumPostManager","\"UPDATE\" Mode"],"failureMessages":[],"fullName":"AuthorAlbumPostManager \"UPDATE\" Mode should contain appropriate form controls","location":null,"status":"passed","title":"should contain appropriate form controls"},{"ancestorTitles":["AuthorAlbumPostManager","\"UPDATE\" Mode"],"failureMessages":[],"fullName":"AuthorAlbumPostManager \"UPDATE\" Mode should invoke saveItemData call","location":null,"status":"passed","title":"should invoke saveItemData call"},{"ancestorTitles":["AuthorAlbumPostManager","\"UPDATE\" Mode"],"failureMessages":[],"fullName":"AuthorAlbumPostManager \"UPDATE\" Mode should invoke \"PUT\" request to server","location":null,"status":"passed","title":"should invoke \"PUT\" request to server"},{"ancestorTitles":["AuthorAlbumPostManager","\"UPDATE\" Mode"],"failureMessages":[],"fullName":"AuthorAlbumPostManager \"UPDATE\" Mode should sign author out","location":null,"status":"passed","title":"should sign author out"},{"ancestorTitles":["AuthorAlbumPostManager","\"UPDATE\" Mode","Navigate"],"failureMessages":[],"fullName":"AuthorAlbumPostManager \"UPDATE\" Mode Navigate should navigate to a new page to CREATE an item","location":null,"status":"passed","title":"should navigate to a new page to CREATE an item"},{"ancestorTitles":["AuthorAlbumPostManager","\"UPDATE\" Mode","Navigate"],"failureMessages":[],"fullName":"AuthorAlbumPostManager \"UPDATE\" Mode Navigate should navigate to a selected item page","location":null,"status":"passed","title":"should navigate to a selected item page"},{"ancestorTitles":["AuthorAlbumPostManager","\"UPDATE\" Mode","More Menu"],"failureMessages":[],"fullName":"AuthorAlbumPostManager \"UPDATE\" Mode More Menu should should exist","location":null,"status":"passed","title":"should should exist"},{"ancestorTitles":["AuthorAlbumPostManager","\"UPDATE\" Mode","More Menu"],"failureMessages":[],"fullName":"AuthorAlbumPostManager \"UPDATE\" Mode More Menu should delete selected item","location":null,"status":"passed","title":"should delete selected item"}],"endTime":1596773178109,"message":"","name":"/Users/asmith/Repos/averygoodwebapp-earthbucket/test/components/organisms/author-album-post-manager/author-album-post-manager.test.jsx","startTime":1596773174517,"status":"passed","summary":""},{"assertionResults":[{"ancestorTitles":["CardCollection"],"failureMessages":[],"fullName":"CardCollection should exist","location":null,"status":"passed","title":"should exist"},{"ancestorTitles":["CardCollection","Taxonomy Filter"],"failureMessages":[],"fullName":"CardCollection Taxonomy Filter should have taxonomy filter","location":null,"status":"passed","title":"should have taxonomy filter"},{"ancestorTitles":["CardCollection","Taxonomy Filter"],"failureMessages":[],"fullName":"CardCollection Taxonomy Filter should have proper taxonomy filter buttons","location":null,"status":"passed","title":"should have proper taxonomy filter buttons"},{"ancestorTitles":["CardCollection","Card"],"failureMessages":[],"fullName":"CardCollection Card should have the proper amount of cards","location":null,"status":"passed","title":"should have the proper amount of cards"}],"endTime":1596773178127,"message":"","name":"/Users/asmith/Repos/averygoodwebapp-earthbucket/test/components/organisms/card-collection/card-collection.test.jsx","startTime":1596773177043,"status":"passed","summary":""},{"assertionResults":[{"ancestorTitles":["Excerpt"],"failureMessages":[],"fullName":"Excerpt should display an image","location":null,"status":"passed","title":"should display an image"},{"ancestorTitles":["Excerpt"],"failureMessages":[],"fullName":"Excerpt should contain a linked image","location":null,"status":"passed","title":"should contain a linked image"},{"ancestorTitles":["Excerpt"],"failureMessages":[],"fullName":"Excerpt should display author","location":null,"status":"passed","title":"should display author"},{"ancestorTitles":["Excerpt"],"failureMessages":[],"fullName":"Excerpt should display formatted date","location":null,"status":"passed","title":"should display formatted date"},{"ancestorTitles":["Excerpt"],"failureMessages":[],"fullName":"Excerpt should display summary","location":null,"status":"passed","title":"should display summary"},{"ancestorTitles":["Excerpt"],"failureMessages":[],"fullName":"Excerpt should display title","location":null,"status":"passed","title":"should display title"},{"ancestorTitles":["Excerpt"],"failureMessages":[],"fullName":"Excerpt should contain a linked title","location":null,"status":"passed","title":"should contain a linked title"},{"ancestorTitles":["Excerpt"],"failureMessages":[],"fullName":"Excerpt should contain a descriptive button","location":null,"status":"passed","title":"should contain a descriptive button"},{"ancestorTitles":["Excerpt"],"failureMessages":[],"fullName":"Excerpt should contain a linked button","location":null,"status":"passed","title":"should contain a linked button"}],"endTime":1596773178316,"message":"","name":"/Users/asmith/Repos/averygoodwebapp-earthbucket/test/components/molecules/excerpt/excerpt.test.jsx","startTime":1596773177314,"status":"passed","summary":""},{"assertionResults":[{"ancestorTitles":["ShareMenu"],"failureMessages":[],"fullName":"ShareMenu should contain Email button","location":null,"status":"passed","title":"should contain Email button"},{"ancestorTitles":["ShareMenu"],"failureMessages":[],"fullName":"ShareMenu should share to SMS service","location":null,"status":"passed","title":"should share to SMS service"},{"ancestorTitles":["ShareMenu"],"failureMessages":[],"fullName":"ShareMenu should share to Twitter service","location":null,"status":"passed","title":"should share to Twitter service"},{"ancestorTitles":["ShareMenu"],"failureMessages":[],"fullName":"ShareMenu should render hashtags","location":null,"status":"passed","title":"should render hashtags"},{"ancestorTitles":["ShareMenu"],"failureMessages":[],"fullName":"ShareMenu should share to Whatsapp service","location":null,"status":"passed","title":"should share to Whatsapp service"},{"ancestorTitles":["ShareMenu"],"failureMessages":[],"fullName":"ShareMenu should share to Pinterest service","location":null,"status":"passed","title":"should share to Pinterest service"},{"ancestorTitles":["ShareMenu"],"failureMessages":[],"fullName":"ShareMenu should share to Facebook service","location":null,"status":"passed","title":"should share to Facebook service"}],"endTime":1596773178955,"message":"","name":"/Users/asmith/Repos/averygoodwebapp-earthbucket/test/components/molecules/share-menu/share-menu.test.jsx","startTime":1596773177892,"status":"passed","summary":""},{"assertionResults":[{"ancestorTitles":["EmailForm"],"failureMessages":[],"fullName":"EmailForm should contain form tag","location":null,"status":"passed","title":"should contain form tag"},{"ancestorTitles":["EmailForm"],"failureMessages":[],"fullName":"EmailForm should point action to appropriate url","location":null,"status":"passed","title":"should point action to appropriate url"},{"ancestorTitles":["EmailForm"],"failureMessages":[],"fullName":"EmailForm should have the proper form controls","location":null,"status":"passed","title":"should have the proper form controls"}],"endTime":1596773179006,"message":"","name":"/Users/asmith/Repos/averygoodwebapp-earthbucket/test/components/molecules/email-form/email-form.test.jsx","startTime":1596773178159,"status":"passed","summary":""},{"assertionResults":[{"ancestorTitles":["AuthorLayout"],"failureMessages":[],"fullName":"AuthorLayout should exist","location":null,"status":"passed","title":"should exist"},{"ancestorTitles":["AuthorLayout"],"failureMessages":[],"fullName":"AuthorLayout should display children","location":null,"status":"passed","title":"should display children"},{"ancestorTitles":["AuthorLayout"],"failureMessages":[],"fullName":"AuthorLayout should have footer","location":null,"status":"passed","title":"should have footer"},{"ancestorTitles":["AuthorLayout","Section Title"],"failureMessages":[],"fullName":"AuthorLayout Section Title should display section title","location":null,"status":"passed","title":"should display section title"},{"ancestorTitles":["AuthorLayout","Author Header"],"failureMessages":[],"fullName":"AuthorLayout Author Header should have author header","location":null,"status":"passed","title":"should have author header"},{"ancestorTitles":["AuthorLayout","Author Navbar"],"failureMessages":[],"fullName":"AuthorLayout Author Navbar should not have author navbar","location":null,"status":"passed","title":"should not have author navbar"},{"ancestorTitles":["AuthorLayout","Author Navbar"],"failureMessages":[],"fullName":"AuthorLayout Author Navbar should have author navbar","location":null,"status":"passed","title":"should have author navbar"},{"ancestorTitles":["AuthorLayout","Author Navbar"],"failureMessages":[],"fullName":"AuthorLayout Author Navbar should navigate to site-settings page","location":null,"status":"passed","title":"should navigate to site-settings page"}],"endTime":1596773179007,"message":"","name":"/Users/asmith/Repos/averygoodwebapp-earthbucket/test/components/organisms/author-layout/author-layout.test.jsx","startTime":1596773177905,"status":"passed","summary":""},{"assertionResults":[{"ancestorTitles":["Layout"],"failureMessages":[],"fullName":"Layout should exist","location":null,"status":"passed","title":"should exist"},{"ancestorTitles":["Layout"],"failureMessages":[],"fullName":"Layout should display children","location":null,"status":"passed","title":"should display children"},{"ancestorTitles":["Layout"],"failureMessages":[],"fullName":"Layout should have footer","location":null,"status":"passed","title":"should have footer"},{"ancestorTitles":["Layout","Section Title"],"failureMessages":[],"fullName":"Layout Section Title should display section title","location":null,"status":"passed","title":"should display section title"},{"ancestorTitles":["Layout","Header"],"failureMessages":[],"fullName":"Layout Header should have header","location":null,"status":"passed","title":"should have header"},{"ancestorTitles":["Layout","Modal"],"failureMessages":[],"fullName":"Layout Modal should appear in modal","location":null,"status":"passed","title":"should appear in modal"}],"endTime":1596773179166,"message":"","name":"/Users/asmith/Repos/averygoodwebapp-earthbucket/test/components/organisms/layout/layout.test.jsx","startTime":1596773178335,"status":"passed","summary":""},{"assertionResults":[{"ancestorTitles":["AuthorAlbumPostMenu"],"failureMessages":[],"fullName":"AuthorAlbumPostMenu should have plus button","location":null,"status":"passed","title":"should have plus button"},{"ancestorTitles":["AuthorAlbumPostMenu"],"failureMessages":[],"fullName":"AuthorAlbumPostMenu should have a button to sort by most recent","location":null,"status":"passed","title":"should have a button to sort by most recent"},{"ancestorTitles":["AuthorAlbumPostMenu"],"failureMessages":[],"fullName":"AuthorAlbumPostMenu should have a button to sort by title","location":null,"status":"passed","title":"should have a button to sort by title"},{"ancestorTitles":["AuthorAlbumPostMenu"],"failureMessages":[],"fullName":"AuthorAlbumPostMenu should tab selected item","location":null,"status":"passed","title":"should tab selected item"}],"endTime":1596773179268,"message":"","name":"/Users/asmith/Repos/averygoodwebapp-earthbucket/test/components/molecules/author-album-post-menu/author-album-post-menu.test.jsx","startTime":1596773178148,"status":"passed","summary":""},{"assertionResults":[{"ancestorTitles":["CloseButton"],"failureMessages":[],"fullName":"CloseButton should invoke callback function","location":null,"status":"passed","title":"should invoke callback function"},{"ancestorTitles":["CloseButton"],"failureMessages":[],"fullName":"CloseButton should display icon","location":null,"status":"passed","title":"should display icon"}],"endTime":1596773179873,"message":"","name":"/Users/asmith/Repos/averygoodwebapp-earthbucket/test/components/atoms/close-button/close-button.test.jsx","startTime":1596773179031,"status":"passed","summary":""},{"assertionResults":[{"ancestorTitles":["AuthorMoreMenu"],"failureMessages":[],"fullName":"AuthorMoreMenu should have more button","location":null,"status":"passed","title":"should have more button"},{"ancestorTitles":["AuthorMoreMenu"],"failureMessages":[],"fullName":"AuthorMoreMenu should have the correct amount of list items","location":null,"status":"passed","title":"should have the correct amount of list items"}],"endTime":1596773179884,"message":"","name":"/Users/asmith/Repos/averygoodwebapp-earthbucket/test/components/molecules/author-more-menu/author-more-menu.test.jsx","startTime":1596773178979,"status":"passed","summary":""},{"assertionResults":[{"ancestorTitles":["AuthorSignInForm"],"failureMessages":[],"fullName":"AuthorSignInForm should exist","location":null,"status":"passed","title":"should exist"},{"ancestorTitles":["AuthorSignInForm"],"failureMessages":[],"fullName":"AuthorSignInForm should contain form tag","location":null,"status":"passed","title":"should contain form tag"},{"ancestorTitles":["AuthorSignInForm"],"failureMessages":[],"fullName":"AuthorSignInForm should contain proper form values","location":null,"status":"passed","title":"should contain proper form values"},{"ancestorTitles":["AuthorSignInForm"],"failureMessages":[],"fullName":"AuthorSignInForm should display help message","location":null,"status":"passed","title":"should display help message"},{"ancestorTitles":["AuthorSignInForm"],"failureMessages":[],"fullName":"AuthorSignInForm should have submit button","location":null,"status":"passed","title":"should have submit button"},{"ancestorTitles":["AuthorSignInForm","Authentication"],"failureMessages":[],"fullName":"AuthorSignInForm Authentication should call onSignIn function","location":null,"status":"passed","title":"should call onSignIn function"},{"ancestorTitles":["AuthorSignInForm","Authentication"],"failureMessages":[],"fullName":"AuthorSignInForm Authentication should send magic link","location":null,"status":"passed","title":"should send magic link"}],"endTime":1596773180087,"message":"","name":"/Users/asmith/Repos/averygoodwebapp-earthbucket/test/components/organisms/author-signin-form/author-signin-form.test.jsx","startTime":1596773179034,"status":"passed","summary":""},{"assertionResults":[{"ancestorTitles":["Hero"],"failureMessages":[],"fullName":"Hero should exist","location":null,"status":"passed","title":"should exist"}],"endTime":1596773180097,"message":"","name":"/Users/asmith/Repos/averygoodwebapp-earthbucket/test/components/organisms/hero/hero.test.jsx","startTime":1596773179294,"status":"passed","summary":""},{"assertionResults":[{"ancestorTitles":["Select"],"failureMessages":[],"fullName":"Select should render the correct amount of values","location":null,"status":"passed","title":"should render the correct amount of values"}],"endTime":1596773180252,"message":"","name":"/Users/asmith/Repos/averygoodwebapp-earthbucket/test/components/atoms/select/select.test.jsx","startTime":1596773179187,"status":"passed","summary":""},{"assertionResults":[{"ancestorTitles":["ContentWindow"],"failureMessages":[],"fullName":"ContentWindow should render children","location":null,"status":"passed","title":"should render children"},{"ancestorTitles":["ContentWindow"],"failureMessages":[],"fullName":"ContentWindow should render banner image","location":null,"status":"passed","title":"should render banner image"}],"endTime":1596773180815,"message":"","name":"/Users/asmith/Repos/averygoodwebapp-earthbucket/test/components/molecules/content-window/content-window.test.jsx","startTime":1596773179942,"status":"passed","summary":""},{"assertionResults":[{"ancestorTitles":["ScriptureSection"],"failureMessages":[],"fullName":"ScriptureSection should call fetch on render","location":null,"status":"passed","title":"should call fetch on render"},{"ancestorTitles":["ScriptureSection"],"failureMessages":[],"fullName":"ScriptureSection should contain linked button","location":null,"status":"passed","title":"should contain linked button"}],"endTime":1596773180863,"message":"","name":"/Users/asmith/Repos/averygoodwebapp-earthbucket/test/components/molecules/scripture-section/scripture-section.test.jsx","startTime":1596773180108,"status":"passed","summary":""},{"assertionResults":[{"ancestorTitles":["Textarea"],"failureMessages":[],"fullName":"Textarea should exist","location":null,"status":"passed","title":"should exist"},{"ancestorTitles":["Textarea"],"failureMessages":[],"fullName":"Textarea should render default value","location":null,"status":"passed","title":"should render default value"}],"endTime":1596773181033,"message":"","name":"/Users/asmith/Repos/averygoodwebapp-earthbucket/test/components/atoms/textarea/textarea.test.jsx","startTime":1596773180121,"status":"passed","summary":""},{"assertionResults":[{"ancestorTitles":["CommentSection"],"failureMessages":[],"fullName":"CommentSection should exist","location":null,"status":"passed","title":"should exist"},{"ancestorTitles":["CommentSection"],"failureMessages":[],"fullName":"CommentSection should brighten if not in modal","location":null,"status":"passed","title":"should brighten if not in modal"}],"endTime":1596773181052,"message":"","name":"/Users/asmith/Repos/averygoodwebapp-earthbucket/test/components/atoms/comment-section/comment-section.test.jsx","startTime":1596773179940,"status":"passed","summary":""},{"assertionResults":[{"ancestorTitles":["Toast"],"failureMessages":[],"fullName":"Toast should exist","location":null,"status":"passed","title":"should exist"},{"ancestorTitles":["Toast"],"failureMessages":[],"fullName":"Toast should plain message","location":null,"status":"passed","title":"should plain message"},{"ancestorTitles":["Toast"],"failureMessages":[],"fullName":"Toast should html message","location":null,"status":"passed","title":"should html message"},{"ancestorTitles":["Toast"],"failureMessages":[],"fullName":"Toast should display icon","location":null,"status":"passed","title":"should display icon"},{"ancestorTitles":["Toast"],"failureMessages":[],"fullName":"Toast should contain a link","location":null,"status":"passed","title":"should contain a link"},{"ancestorTitles":["Toast"],"failureMessages":[],"fullName":"Toast should link to submitted route","location":null,"status":"passed","title":"should link to submitted route"}],"endTime":1596773181193,"message":"","name":"/Users/asmith/Repos/averygoodwebapp-earthbucket/test/components/atoms/toast/toast.test.jsx","startTime":1596773180271,"status":"passed","summary":""},{"assertionResults":[{"ancestorTitles":["BlogNavbar"],"failureMessages":[],"fullName":"BlogNavbar should have blog index link","location":null,"status":"passed","title":"should have blog index link"},{"ancestorTitles":["BlogNavbar"],"failureMessages":[],"fullName":"BlogNavbar should display links to next and previous blog post links","location":null,"status":"passed","title":"should display links to next and previous blog post links"},{"ancestorTitles":["BlogNavbar"],"failureMessages":[],"fullName":"BlogNavbar should not display next blog post link","location":null,"status":"passed","title":"should not display next blog post link"},{"ancestorTitles":["BlogNavbar"],"failureMessages":[],"fullName":"BlogNavbar should not display previous blog post link","location":null,"status":"passed","title":"should not display previous blog post link"}],"endTime":1596773181633,"message":"","name":"/Users/asmith/Repos/averygoodwebapp-earthbucket/test/components/molecules/blog-navbar/blog-navbar.test.jsx","startTime":1596773174724,"status":"passed","summary":""},{"assertionResults":[{"ancestorTitles":["MinusButton"],"failureMessages":[],"fullName":"MinusButton should invoke callback function","location":null,"status":"passed","title":"should invoke callback function"},{"ancestorTitles":["MinusButton"],"failureMessages":[],"fullName":"MinusButton should display icon","location":null,"status":"passed","title":"should display icon"}],"endTime":1596773181785,"message":"","name":"/Users/asmith/Repos/averygoodwebapp-earthbucket/test/components/atoms/minus-button/minus-button.test.jsx","startTime":1596773180839,"status":"passed","summary":""},{"assertionResults":[{"ancestorTitles":["MoreButton"],"failureMessages":[],"fullName":"MoreButton should invoke callback function","location":null,"status":"passed","title":"should invoke callback function"},{"ancestorTitles":["MoreButton"],"failureMessages":[],"fullName":"MoreButton should display icon","location":null,"status":"passed","title":"should display icon"}],"endTime":1596773181941,"message":"","name":"/Users/asmith/Repos/averygoodwebapp-earthbucket/test/components/atoms/more-button/more-button.test.jsx","startTime":1596773181078,"status":"passed","summary":""},{"assertionResults":[{"ancestorTitles":["AuthorHeader"],"failureMessages":[],"fullName":"AuthorHeader should exist","location":null,"status":"passed","title":"should exist"},{"ancestorTitles":["AuthorHeader"],"failureMessages":[],"fullName":"AuthorHeader should display site title","location":null,"status":"passed","title":"should display site title"},{"ancestorTitles":["AuthorHeader"],"failureMessages":[],"fullName":"AuthorHeader should display site description","location":null,"status":"passed","title":"should display site description"},{"ancestorTitles":["AuthorHeader"],"failureMessages":[],"fullName":"AuthorHeader should display section title","location":null,"status":"passed","title":"should display section title"},{"ancestorTitles":["AuthorHeader","SignOut Button"],"failureMessages":[],"fullName":"AuthorHeader SignOut Button should not contain sign out button","location":null,"status":"passed","title":"should not contain sign out button"},{"ancestorTitles":["AuthorHeader","SignOut Button"],"failureMessages":[],"fullName":"AuthorHeader SignOut Button should contain sign out button","location":null,"status":"passed","title":"should contain sign out button"},{"ancestorTitles":["AuthorHeader","SignOut Button"],"failureMessages":[],"fullName":"AuthorHeader SignOut Button should sign author out","location":null,"status":"passed","title":"should sign author out"}],"endTime":1596773181992,"message":"","name":"/Users/asmith/Repos/averygoodwebapp-earthbucket/test/components/organisms/author-header/author-header.test.jsx","startTime":1596773180880,"status":"passed","summary":""},{"assertionResults":[{"ancestorTitles":["BlogPostActivityMenu"],"failureMessages":[],"fullName":"BlogPostActivityMenu should exist","location":null,"status":"passed","title":"should exist"},{"ancestorTitles":["BlogPostActivityMenu"],"failureMessages":[],"fullName":"BlogPostActivityMenu should display author","location":null,"status":"passed","title":"should display author"},{"ancestorTitles":["BlogPostActivityMenu"],"failureMessages":[],"fullName":"BlogPostActivityMenu should display published date","location":null,"status":"passed","title":"should display published date"},{"ancestorTitles":["BlogPostActivityMenu","Tags"],"failureMessages":[],"fullName":"BlogPostActivityMenu Tags should display tags as buttons","location":null,"status":"passed","title":"should display tags as buttons"},{"ancestorTitles":["BlogPostActivityMenu","Tags"],"failureMessages":[],"fullName":"BlogPostActivityMenu Tags should navigate to appropriate tag pages","location":null,"status":"passed","title":"should navigate to appropriate tag pages"},{"ancestorTitles":["BlogPostActivityMenu","Tags","Share Button"],"failureMessages":[],"fullName":"BlogPostActivityMenu Tags Share Button should have \"share\" button","location":null,"status":"passed","title":"should have \"share\" button"}],"endTime":1596773182034,"message":"","name":"/Users/asmith/Repos/averygoodwebapp-earthbucket/test/components/organisms/blog-post-activity-menu/blog-post-activity-menu.test.jsx","startTime":1596773174723,"status":"passed","summary":""},{"assertionResults":[{"ancestorTitles":["AuthorNavbar"],"failureMessages":[],"fullName":"AuthorNavbar should have correct amount of nav items","location":null,"status":"passed","title":"should have correct amount of nav items"},{"ancestorTitles":["AuthorNavbar"],"failureMessages":[],"fullName":"AuthorNavbar should tab nav item","location":null,"status":"passed","title":"should tab nav item"}],"endTime":1596773182067,"message":"","name":"/Users/asmith/Repos/averygoodwebapp-earthbucket/test/components/molecules/author-navbar/author-navbar.test.jsx","startTime":1596773181064,"status":"passed","summary":""},{"assertionResults":[{"ancestorTitles":["SubmitButton"],"failureMessages":[],"fullName":"SubmitButton should invoke callback function","location":null,"status":"passed","title":"should invoke callback function"}],"endTime":1596773182215,"message":"","name":"/Users/asmith/Repos/averygoodwebapp-earthbucket/test/components/atoms/submit-button/submit-button.test.jsx","startTime":1596773181223,"status":"passed","summary":""},{"assertionResults":[{"ancestorTitles":["ShareButton"],"failureMessages":[],"fullName":"ShareButton should invoke callback function","location":null,"status":"passed","title":"should invoke callback function"},{"ancestorTitles":["ShareButton"],"failureMessages":[],"fullName":"ShareButton should display icon","location":null,"status":"passed","title":"should display icon"}],"endTime":1596773182687,"message":"","name":"/Users/asmith/Repos/averygoodwebapp-earthbucket/test/components/atoms/share-button/share-button.test.jsx","startTime":1596773182238,"status":"passed","summary":""},{"assertionResults":[{"ancestorTitles":["BannerImage"],"failureMessages":[],"fullName":"BannerImage should render background image","location":null,"status":"passed","title":"should render background image"},{"ancestorTitles":["BannerImage"],"failureMessages":[],"fullName":"BannerImage should render text","location":null,"status":"passed","title":"should render text"}],"endTime":1596773182851,"message":"","name":"/Users/asmith/Repos/averygoodwebapp-earthbucket/test/components/atoms/banner-image/banner-image.test.jsx","startTime":1596773181808,"status":"passed","summary":""},{"assertionResults":[{"ancestorTitles":["Button"],"failureMessages":[],"fullName":"Button should render text","location":null,"status":"passed","title":"should render text"},{"ancestorTitles":["Button"],"failureMessages":[],"fullName":"Button should invoke callback function","location":null,"status":"passed","title":"should invoke callback function"},{"ancestorTitles":["Button"],"failureMessages":[],"fullName":"Button should display icon","location":null,"status":"passed","title":"should display icon"},{"ancestorTitles":["Button"],"failureMessages":[],"fullName":"Button should align icon to the right","location":null,"status":"passed","title":"should align icon to the right"}],"endTime":1596773182931,"message":"","name":"/Users/asmith/Repos/averygoodwebapp-earthbucket/test/components/atoms/button/button.test.jsx","startTime":1596773181987,"status":"passed","summary":""},{"assertionResults":[{"ancestorTitles":["PlusButton"],"failureMessages":[],"fullName":"PlusButton should invoke callback function","location":null,"status":"passed","title":"should invoke callback function"},{"ancestorTitles":["PlusButton"],"failureMessages":[],"fullName":"PlusButton should display icon","location":null,"status":"passed","title":"should display icon"}],"endTime":1596773182942,"message":"","name":"/Users/asmith/Repos/averygoodwebapp-earthbucket/test/components/atoms/plus-button/plus-button.test.jsx","startTime":1596773182093,"status":"passed","summary":""},{"assertionResults":[{"ancestorTitles":["Logo"],"failureMessages":[],"fullName":"Logo should contain a link","location":null,"status":"passed","title":"should contain a link"},{"ancestorTitles":["Logo"],"failureMessages":[],"fullName":"Logo should link to home page","location":null,"status":"passed","title":"should link to home page"}],"endTime":1596773182969,"message":"","name":"/Users/asmith/Repos/averygoodwebapp-earthbucket/test/components/atoms/logo/logo.test.jsx","startTime":1596773182059,"status":"passed","summary":""},{"assertionResults":[{"ancestorTitles":["ExcerptCollection"],"failureMessages":[],"fullName":"ExcerptCollection should exist","location":null,"status":"passed","title":"should exist"},{"ancestorTitles":["ExcerptCollection","Taxonomy Filter"],"failureMessages":[],"fullName":"ExcerptCollection Taxonomy Filter should have taxonomy filter","location":null,"status":"passed","title":"should have taxonomy filter"},{"ancestorTitles":["ExcerptCollection","Taxonomy Filter"],"failureMessages":[],"fullName":"ExcerptCollection Taxonomy Filter should have proper taxonomy filter buttons","location":null,"status":"passed","title":"should have proper taxonomy filter buttons"},{"ancestorTitles":["ExcerptCollection","Excerpt"],"failureMessages":[],"fullName":"ExcerptCollection Excerpt should have the proper amount of cards","location":null,"status":"passed","title":"should have the proper amount of cards"}],"endTime":1596773183015,"message":"","name":"/Users/asmith/Repos/averygoodwebapp-earthbucket/test/components/organisms/excerpt-collection/excerpt-collection.test.jsx","startTime":1596773181659,"status":"passed","summary":""},{"assertionResults":[{"ancestorTitles":["LikeButton"],"failureMessages":[],"fullName":"LikeButton should invoke callback function","location":null,"status":"passed","title":"should invoke callback function"},{"ancestorTitles":["LikeButton"],"failureMessages":[],"fullName":"LikeButton should display icon","location":null,"status":"passed","title":"should display icon"}],"endTime":1596773183179,"message":"","name":"/Users/asmith/Repos/averygoodwebapp-earthbucket/test/components/atoms/like-button/like-button.test.jsx","startTime":1596773182055,"status":"passed","summary":""},{"assertionResults":[{"ancestorTitles":["DislikeButton"],"failureMessages":[],"fullName":"DislikeButton should invoke callback function","location":null,"status":"passed","title":"should invoke callback function"},{"ancestorTitles":["DislikeButton"],"failureMessages":[],"fullName":"DislikeButton should display icon","location":null,"status":"passed","title":"should display icon"}],"endTime":1596773183396,"message":"","name":"/Users/asmith/Repos/averygoodwebapp-earthbucket/test/components/atoms/dislike-button/dislike-button.test.jsx","startTime":1596773182725,"status":"passed","summary":""},{"assertionResults":[{"ancestorTitles":["Textfield"],"failureMessages":[],"fullName":"Textfield should exist","location":null,"status":"passed","title":"should exist"},{"ancestorTitles":["Textfield"],"failureMessages":[],"fullName":"Textfield should render default value","location":null,"status":"passed","title":"should render default value"}],"endTime":1596773183485,"message":"","name":"/Users/asmith/Repos/averygoodwebapp-earthbucket/test/components/atoms/textfield/textfield.test.jsx","startTime":1596773182949,"status":"passed","summary":""},{"assertionResults":[{"ancestorTitles":["SEO"],"failureMessages":[],"fullName":"SEO should create a title","location":null,"status":"passed","title":"should create a title"}],"endTime":1596773183527,"message":"","name":"/Users/asmith/Repos/averygoodwebapp-earthbucket/test/components/atoms/seo/seo.test.jsx","startTime":1596773182975,"status":"passed","summary":""},{"assertionResults":[{"ancestorTitles":["ImageUploader"],"failureMessages":[],"fullName":"ImageUploader should exist","location":null,"status":"passed","title":"should exist"},{"ancestorTitles":["ImageUploader"],"failureMessages":[],"fullName":"ImageUploader should display sortable list","location":null,"status":"passed","title":"should display sortable list"}],"endTime":1596773183570,"message":"","name":"/Users/asmith/Repos/averygoodwebapp-earthbucket/test/components/molecules/image-uploader/image-uploader.test.jsx","startTime":1596773182909,"status":"passed","summary":""}],"wasInterrupted":false}