{"numFailedTestSuites":0,"numFailedTests":0,"numPassedTestSuites":27,"numPassedTests":73,"numPendingTestSuites":0,"numPendingTests":0,"numRuntimeErrorTestSuites":0,"numTodoTests":0,"numTotalTestSuites":27,"numTotalTests":73,"openHandles":[],"snapshot":{"added":0,"didUpdate":false,"failure":false,"filesAdded":0,"filesRemoved":0,"filesRemovedList":[],"filesUnmatched":0,"filesUpdated":0,"matched":0,"total":0,"unchecked":0,"uncheckedKeysByFile":[],"unmatched":0,"updated":0},"startTime":1595777360974,"success":true,"testResults":[{"assertionResults":[{"ancestorTitles":["AuthorAlbumPostMenu"],"failureMessages":[],"fullName":"AuthorAlbumPostMenu should have plus button","location":null,"status":"passed","title":"should have plus button"},{"ancestorTitles":["AuthorAlbumPostMenu"],"failureMessages":[],"fullName":"AuthorAlbumPostMenu should have a button to sort by most recent","location":null,"status":"passed","title":"should have a button to sort by most recent"},{"ancestorTitles":["AuthorAlbumPostMenu"],"failureMessages":[],"fullName":"AuthorAlbumPostMenu should have a button to sort by title","location":null,"status":"passed","title":"should have a button to sort by title"},{"ancestorTitles":["AuthorAlbumPostMenu"],"failureMessages":[],"fullName":"AuthorAlbumPostMenu should tab selected item","location":null,"status":"passed","title":"should tab selected item"}],"endTime":1595777369580,"message":"","name":"/Users/asmith/Repos/averygoodwebapp-earthbucket/test/components/molecules/author-album-post-menu/author-album-post-menu.test.jsx","startTime":1595777362527,"status":"passed","summary":""},{"assertionResults":[{"ancestorTitles":["BlogNavbar"],"failureMessages":[],"fullName":"BlogNavbar should have blog index link","location":null,"status":"passed","title":"should have blog index link"},{"ancestorTitles":["BlogNavbar"],"failureMessages":[],"fullName":"BlogNavbar should display links to next and previous blog post links","location":null,"status":"passed","title":"should display links to next and previous blog post links"},{"ancestorTitles":["BlogNavbar"],"failureMessages":[],"fullName":"BlogNavbar should not display next blog post link","location":null,"status":"passed","title":"should not display next blog post link"},{"ancestorTitles":["BlogNavbar"],"failureMessages":[],"fullName":"BlogNavbar should not display previous blog post link","location":null,"status":"passed","title":"should not display previous blog post link"}],"endTime":1595777369703,"message":"","name":"/Users/asmith/Repos/averygoodwebapp-earthbucket/test/components/molecules/blog-navbar/blog-navbar.test.jsx","startTime":1595777362425,"status":"passed","summary":""},{"assertionResults":[{"ancestorTitles":["Card"],"failureMessages":[],"fullName":"Card should be a link","location":null,"status":"passed","title":"should be a link"},{"ancestorTitles":["Card"],"failureMessages":[],"fullName":"Card should link to proper slugId","location":null,"status":"passed","title":"should link to proper slugId"},{"ancestorTitles":["Card"],"failureMessages":[],"fullName":"Card should display image","location":null,"status":"passed","title":"should display image"},{"ancestorTitles":["Card"],"failureMessages":[],"fullName":"Card should display categories","location":null,"status":"passed","title":"should display categories"},{"ancestorTitles":["Card"],"failureMessages":[],"fullName":"Card should link to category page","location":null,"status":"passed","title":"should link to category page"}],"endTime":1595777369707,"message":"","name":"/Users/asmith/Repos/averygoodwebapp-earthbucket/test/components/molecules/card/card.test.jsx","startTime":1595777362444,"status":"passed","summary":""},{"assertionResults":[{"ancestorTitles":["ImageUploader"],"failureMessages":[],"fullName":"ImageUploader should exist","location":null,"status":"passed","title":"should exist"},{"ancestorTitles":["ImageUploader"],"failureMessages":[],"fullName":"ImageUploader should display sortable list","location":null,"status":"passed","title":"should display sortable list"}],"endTime":1595777369917,"message":"","name":"/Users/asmith/Repos/averygoodwebapp-earthbucket/test/components/molecules/image-uploader/image-uploader.test.jsx","startTime":1595777362414,"status":"passed","summary":""},{"assertionResults":[{"ancestorTitles":["Excerpt"],"failureMessages":[],"fullName":"Excerpt should display an image","location":null,"status":"passed","title":"should display an image"},{"ancestorTitles":["Excerpt"],"failureMessages":[],"fullName":"Excerpt should contain a linked image","location":null,"status":"passed","title":"should contain a linked image"},{"ancestorTitles":["Excerpt"],"failureMessages":[],"fullName":"Excerpt should display author","location":null,"status":"passed","title":"should display author"},{"ancestorTitles":["Excerpt"],"failureMessages":[],"fullName":"Excerpt should display formatted date","location":null,"status":"passed","title":"should display formatted date"},{"ancestorTitles":["Excerpt"],"failureMessages":[],"fullName":"Excerpt should display summary","location":null,"status":"passed","title":"should display summary"},{"ancestorTitles":["Excerpt"],"failureMessages":[],"fullName":"Excerpt should display title","location":null,"status":"passed","title":"should display title"},{"ancestorTitles":["Excerpt"],"failureMessages":[],"fullName":"Excerpt should contain a linked title","location":null,"status":"passed","title":"should contain a linked title"},{"ancestorTitles":["Excerpt"],"failureMessages":[],"fullName":"Excerpt should contain a descriptive button","location":null,"status":"passed","title":"should contain a descriptive button"},{"ancestorTitles":["Excerpt"],"failureMessages":[],"fullName":"Excerpt should contain a linked button","location":null,"status":"passed","title":"should contain a linked button"}],"endTime":1595777370030,"message":"","name":"/Users/asmith/Repos/averygoodwebapp-earthbucket/test/components/molecules/excerpt/excerpt.test.jsx","startTime":1595777362418,"status":"passed","summary":""},{"assertionResults":[{"ancestorTitles":["MainNav"],"failureMessages":[],"fullName":"MainNav should contain \"Album\" nav item","location":null,"status":"passed","title":"should contain \"Album\" nav item"},{"ancestorTitles":["MainNav"],"failureMessages":[],"fullName":"MainNav should contain \"Blog\" nav item","location":null,"status":"passed","title":"should contain \"Blog\" nav item"},{"ancestorTitles":["MainNav"],"failureMessages":[],"fullName":"MainNav should tab appropriate nav item","location":null,"status":"passed","title":"should tab appropriate nav item"}],"endTime":1595777370043,"message":"","name":"/Users/asmith/Repos/averygoodwebapp-earthbucket/test/components/molecules/main-nav/main-nav.test.jsx","startTime":1595777362422,"status":"passed","summary":""},{"assertionResults":[{"ancestorTitles":["EmailForm"],"failureMessages":[],"fullName":"EmailForm should contain form tag","location":null,"status":"passed","title":"should contain form tag"},{"ancestorTitles":["EmailForm"],"failureMessages":[],"fullName":"EmailForm should point action to appropriate url","location":null,"status":"passed","title":"should point action to appropriate url"},{"ancestorTitles":["EmailForm"],"failureMessages":[],"fullName":"EmailForm should have the proper form controls","location":null,"status":"passed","title":"should have the proper form controls"}],"endTime":1595777370198,"message":"","name":"/Users/asmith/Repos/averygoodwebapp-earthbucket/test/components/molecules/email-form/email-form.test.jsx","startTime":1595777362414,"status":"passed","summary":""},{"assertionResults":[{"ancestorTitles":["AuthorMoreMenu"],"failureMessages":[],"fullName":"AuthorMoreMenu should have more button","location":null,"status":"passed","title":"should have more button"},{"ancestorTitles":["AuthorMoreMenu"],"failureMessages":[],"fullName":"AuthorMoreMenu should have the correct amount of list items","location":null,"status":"passed","title":"should have the correct amount of list items"}],"endTime":1595777370575,"message":"","name":"/Users/asmith/Repos/averygoodwebapp-earthbucket/test/components/molecules/author-more-menu/author-more-menu.test.jsx","startTime":1595777369615,"status":"passed","summary":""},{"assertionResults":[{"ancestorTitles":["ContentWindow"],"failureMessages":[],"fullName":"ContentWindow should render children","location":null,"status":"passed","title":"should render children"},{"ancestorTitles":["ContentWindow"],"failureMessages":[],"fullName":"ContentWindow should render banner image","location":null,"status":"passed","title":"should render banner image"}],"endTime":1595777370893,"message":"","name":"/Users/asmith/Repos/averygoodwebapp-earthbucket/test/components/molecules/content-window/content-window.test.jsx","startTime":1595777369721,"status":"passed","summary":""},{"assertionResults":[{"ancestorTitles":["AuthorNavbar"],"failureMessages":[],"fullName":"AuthorNavbar should have correct amount of nav items","location":null,"status":"passed","title":"should have correct amount of nav items"},{"ancestorTitles":["AuthorNavbar"],"failureMessages":[],"fullName":"AuthorNavbar should tab nav item","location":null,"status":"passed","title":"should tab nav item"}],"endTime":1595777370899,"message":"","name":"/Users/asmith/Repos/averygoodwebapp-earthbucket/test/components/molecules/author-navbar/author-navbar.test.jsx","startTime":1595777369738,"status":"passed","summary":""},{"assertionResults":[{"ancestorTitles":["MinusButton"],"failureMessages":[],"fullName":"MinusButton should invoke callback function","location":null,"status":"passed","title":"should invoke callback function"},{"ancestorTitles":["MinusButton"],"failureMessages":[],"fullName":"MinusButton should display icon","location":null,"status":"passed","title":"should display icon"}],"endTime":1595777370947,"message":"","name":"/Users/asmith/Repos/averygoodwebapp-earthbucket/test/components/atoms/minus-button/minus-button.test.jsx","startTime":1595777370060,"status":"passed","summary":""},{"assertionResults":[{"ancestorTitles":["Select"],"failureMessages":[],"fullName":"Select should render the correct amount of values","location":null,"status":"passed","title":"should render the correct amount of values"}],"endTime":1595777371038,"message":"","name":"/Users/asmith/Repos/averygoodwebapp-earthbucket/test/components/atoms/select/select.test.jsx","startTime":1595777370074,"status":"passed","summary":""},{"assertionResults":[{"ancestorTitles":["PlusButton"],"failureMessages":[],"fullName":"PlusButton should invoke callback function","location":null,"status":"passed","title":"should invoke callback function"},{"ancestorTitles":["PlusButton"],"failureMessages":[],"fullName":"PlusButton should display icon","location":null,"status":"passed","title":"should display icon"}],"endTime":1595777371188,"message":"","name":"/Users/asmith/Repos/averygoodwebapp-earthbucket/test/components/atoms/plus-button/plus-button.test.jsx","startTime":1595777370608,"status":"passed","summary":""},{"assertionResults":[{"ancestorTitles":["Textarea"],"failureMessages":[],"fullName":"Textarea should exist","location":null,"status":"passed","title":"should exist"},{"ancestorTitles":["Textarea"],"failureMessages":[],"fullName":"Textarea should render default value","location":null,"status":"passed","title":"should render default value"}],"endTime":1595777371276,"message":"","name":"/Users/asmith/Repos/averygoodwebapp-earthbucket/test/components/atoms/textarea/textarea.test.jsx","startTime":1595777370095,"status":"passed","summary":""},{"assertionResults":[{"ancestorTitles":["CommentSection"],"failureMessages":[],"fullName":"CommentSection should exist","location":null,"status":"passed","title":"should exist"},{"ancestorTitles":["CommentSection"],"failureMessages":[],"fullName":"CommentSection should brighten if not in modal","location":null,"status":"passed","title":"should brighten if not in modal"}],"endTime":1595777371283,"message":"","name":"/Users/asmith/Repos/averygoodwebapp-earthbucket/test/components/atoms/comment-section/comment-section.test.jsx","startTime":1595777370272,"status":"passed","summary":""},{"assertionResults":[{"ancestorTitles":["CloseButton"],"failureMessages":[],"fullName":"CloseButton should invoke callback function","location":null,"status":"passed","title":"should invoke callback function"},{"ancestorTitles":["CloseButton"],"failureMessages":[],"fullName":"CloseButton should display icon","location":null,"status":"passed","title":"should display icon"}],"endTime":1595777371627,"message":"","name":"/Users/asmith/Repos/averygoodwebapp-earthbucket/test/components/atoms/close-button/close-button.test.jsx","startTime":1595777370963,"status":"passed","summary":""},{"assertionResults":[{"ancestorTitles":["Textfield"],"failureMessages":[],"fullName":"Textfield should exist","location":null,"status":"passed","title":"should exist"},{"ancestorTitles":["Textfield"],"failureMessages":[],"fullName":"Textfield should render default value","location":null,"status":"passed","title":"should render default value"}],"endTime":1595777371678,"message":"","name":"/Users/asmith/Repos/averygoodwebapp-earthbucket/test/components/atoms/textfield/textfield.test.jsx","startTime":1595777370974,"status":"passed","summary":""},{"assertionResults":[{"ancestorTitles":["Logo"],"failureMessages":[],"fullName":"Logo should contain a link","location":null,"status":"passed","title":"should contain a link"},{"ancestorTitles":["Logo"],"failureMessages":[],"fullName":"Logo should link to home page","location":null,"status":"passed","title":"should link to home page"}],"endTime":1595777371753,"message":"","name":"/Users/asmith/Repos/averygoodwebapp-earthbucket/test/components/atoms/logo/logo.test.jsx","startTime":1595777371068,"status":"passed","summary":""},{"assertionResults":[{"ancestorTitles":["SEO"],"failureMessages":[],"fullName":"SEO should create a title","location":null,"status":"passed","title":"should create a title"}],"endTime":1595777371918,"message":"","name":"/Users/asmith/Repos/averygoodwebapp-earthbucket/test/components/atoms/seo/seo.test.jsx","startTime":1595777370976,"status":"passed","summary":""},{"assertionResults":[{"ancestorTitles":["SubmitButton"],"failureMessages":[],"fullName":"SubmitButton should invoke callback function","location":null,"status":"passed","title":"should invoke callback function"}],"endTime":1595777372044,"message":"","name":"/Users/asmith/Repos/averygoodwebapp-earthbucket/test/components/atoms/submit-button/submit-button.test.jsx","startTime":1595777371309,"status":"passed","summary":""},{"assertionResults":[{"ancestorTitles":["MoreButton"],"failureMessages":[],"fullName":"MoreButton should invoke callback function","location":null,"status":"passed","title":"should invoke callback function"},{"ancestorTitles":["MoreButton"],"failureMessages":[],"fullName":"MoreButton should display icon","location":null,"status":"passed","title":"should display icon"}],"endTime":1595777372080,"message":"","name":"/Users/asmith/Repos/averygoodwebapp-earthbucket/test/components/atoms/more-button/more-button.test.jsx","startTime":1595777371297,"status":"passed","summary":""},{"assertionResults":[{"ancestorTitles":["DislikeButton"],"failureMessages":[],"fullName":"DislikeButton should invoke callback function","location":null,"status":"passed","title":"should invoke callback function"},{"ancestorTitles":["DislikeButton"],"failureMessages":[],"fullName":"DislikeButton should display icon","location":null,"status":"passed","title":"should display icon"}],"endTime":1595777372147,"message":"","name":"/Users/asmith/Repos/averygoodwebapp-earthbucket/test/components/atoms/dislike-button/dislike-button.test.jsx","startTime":1595777371204,"status":"passed","summary":""},{"assertionResults":[{"ancestorTitles":["LikeButton"],"failureMessages":[],"fullName":"LikeButton should invoke callback function","location":null,"status":"passed","title":"should invoke callback function"},{"ancestorTitles":["LikeButton"],"failureMessages":[],"fullName":"LikeButton should display icon","location":null,"status":"passed","title":"should display icon"}],"endTime":1595777372387,"message":"","name":"/Users/asmith/Repos/averygoodwebapp-earthbucket/test/components/atoms/like-button/like-button.test.jsx","startTime":1595777371647,"status":"passed","summary":""},{"assertionResults":[{"ancestorTitles":["ShareButton"],"failureMessages":[],"fullName":"ShareButton should invoke callback function","location":null,"status":"passed","title":"should invoke callback function"},{"ancestorTitles":["ShareButton"],"failureMessages":[],"fullName":"ShareButton should display icon","location":null,"status":"passed","title":"should display icon"}],"endTime":1595777372429,"message":"","name":"/Users/asmith/Repos/averygoodwebapp-earthbucket/test/components/atoms/share-button/share-button.test.jsx","startTime":1595777371710,"status":"passed","summary":""},{"assertionResults":[{"ancestorTitles":["Toast"],"failureMessages":[],"fullName":"Toast should exist","location":null,"status":"passed","title":"should exist"},{"ancestorTitles":["Toast"],"failureMessages":[],"fullName":"Toast should plain message","location":null,"status":"passed","title":"should plain message"},{"ancestorTitles":["Toast"],"failureMessages":[],"fullName":"Toast should html message","location":null,"status":"passed","title":"should html message"},{"ancestorTitles":["Toast"],"failureMessages":[],"fullName":"Toast should display icon","location":null,"status":"passed","title":"should display icon"},{"ancestorTitles":["Toast"],"failureMessages":[],"fullName":"Toast should contain a link","location":null,"status":"passed","title":"should contain a link"},{"ancestorTitles":["Toast"],"failureMessages":[],"fullName":"Toast should link to submitted route","location":null,"status":"passed","title":"should link to submitted route"}],"endTime":1595777372444,"message":"","name":"/Users/asmith/Repos/averygoodwebapp-earthbucket/test/components/atoms/toast/toast.test.jsx","startTime":1595777371767,"status":"passed","summary":""},{"assertionResults":[{"ancestorTitles":["Button"],"failureMessages":[],"fullName":"Button should render text","location":null,"status":"passed","title":"should render text"},{"ancestorTitles":["Button"],"failureMessages":[],"fullName":"Button should invoke callback function","location":null,"status":"passed","title":"should invoke callback function"},{"ancestorTitles":["Button"],"failureMessages":[],"fullName":"Button should display icon","location":null,"status":"passed","title":"should display icon"},{"ancestorTitles":["Button"],"failureMessages":[],"fullName":"Button should align icon to the right","location":null,"status":"passed","title":"should align icon to the right"}],"endTime":1595777372506,"message":"","name":"/Users/asmith/Repos/averygoodwebapp-earthbucket/test/components/atoms/button/button.test.jsx","startTime":1595777372089,"status":"passed","summary":""},{"assertionResults":[{"ancestorTitles":["BannerImage"],"failureMessages":[],"fullName":"BannerImage should render background image","location":null,"status":"passed","title":"should render background image"},{"ancestorTitles":["BannerImage"],"failureMessages":[],"fullName":"BannerImage should render text","location":null,"status":"passed","title":"should render text"}],"endTime":1595777372548,"message":"","name":"/Users/asmith/Repos/averygoodwebapp-earthbucket/test/components/atoms/banner-image/banner-image.test.jsx","startTime":1595777371943,"status":"passed","summary":""}],"wasInterrupted":false}